<?xml version="1.0" encoding="UTF-8"?>
<!-- Generated by org.testng.reporters.JUnitXMLReporter -->
<testsuite hostname="THSLT10073" ignored="0" name="Default test" tests="5" failures="0" timestamp="2021-02-10T01:15:56 IST" time="7.961" errors="0">
  <testcase name="RegisteruserPOST" time="5.617" classname="APIs.userRegisterPOST"/>
  <testcase name="DeleteUser" time="0.452" classname="APIs.userDELETE"/>
  <testcase name="CreatePOST" time="0.757" classname="APIs.userCreationPOST"/>
  <testcase name="test_01" time="0.314" classname="APIs.usersinglelistGET"/>
  <testcase name="LoginUserPOST" time="0.709" classname="APIs.userLoginPOST"/>
</testsuite> <!-- Default test -->
