<?xml version="1.0" encoding="UTF-8"?>
<!-- Generated by org.testng.reporters.JUnitXMLReporter -->
<testsuite hostname="THSLT10073" ignored="0" name="Default test" tests="5" failures="0" timestamp="2021-02-10T10:34:44 IST" time="14.97" errors="0">
  <testcase name="RegisteruserPOST" time="9.88" classname="APIs.userRegisterPOST"/>
  <testcase name="DeleteUser" time="1.346" classname="APIs.userDELETE"/>
  <testcase name="CreatePOST" time="1.397" classname="APIs.userCreationPOST"/>
  <testcase name="UserlistGET" time="0.746" classname="APIs.usersinglelistGET"/>
  <testcase name="LoginUserPOST" time="1.508" classname="APIs.userLoginPOST"/>
</testsuite> <!-- Default test -->
